2025-05-21 16:54:07,675 - semgrep.run_scan - DEBUG - semgrep version 1.2.0
2025-05-21 16:54:07,679 - semgrep.config_resolver - DEBUG - Loading local config from /home/runner/workspace/.config/.semgrep/semgrep_rules.json
2025-05-21 16:54:07,681 - semgrep.config_resolver - DEBUG - Done loading local config from /home/runner/workspace/.config/.semgrep/semgrep_rules.json
2025-05-21 16:54:07,685 - semgrep.config_resolver - DEBUG - Saving rules to /tmp/semgrep-rwo1xqke.rules
2025-05-21 16:54:07,845 - semgrep.semgrep_core - DEBUG - Failed to open resource semgrep-core-proprietary: [Errno 2] No such file or directory: '/tmp/_MEInUAjCK/semgrep/bin/semgrep-core-proprietary'.
2025-05-21 16:54:08,305 - semgrep.rule_lang - DEBUG - semgrep-core validation response: valid=True
2025-05-21 16:54:08,305 - semgrep.rule_lang - DEBUG - semgrep-core validation succeeded
2025-05-21 16:54:08,306 - semgrep.rule_lang - DEBUG - RPC validation succeeded
2025-05-21 16:54:08,306 - semgrep.config_resolver - DEBUG - loaded 1 configs in 0.6271624565124512
2025-05-21 16:54:08,373 - semgrep.run_scan - VERBOSE - running 711 rules from 1 config /home/runner/workspace/.config/.semgrep/semgrep_rules.json_0
2025-05-21 16:54:08,373 - semgrep.run_scan - VERBOSE - No .semgrepignore found. Using default .semgrepignore rules. See the docs for the list of default ignores: https://semgrep.dev/docs/cli-usage/#ignore-files
2025-05-21 16:54:08,375 - semgrep.run_scan - VERBOSE - Rules:
2025-05-21 16:54:08,375 - semgrep.run_scan - VERBOSE - <SKIPPED DATA (too many entries; use --max-log-list-entries)>
2025-05-21 16:54:09,106 - semgrep.core_runner - DEBUG - Passing whole rules directly to semgrep_core
2025-05-21 16:54:09,339 - semgrep.core_runner - DEBUG - Running Semgrep engine with command:
2025-05-21 16:54:09,339 - semgrep.core_runner - DEBUG - /tmp/_MEInUAjCK/semgrep/bin/opengrep-core -json -rules /tmp/tmpauh6i0ov.json -j 8 -targets /tmp/tmpanv6nkk1 -timeout 5 -timeout_threshold 3 -max_memory 0 -fast
2025-05-21 16:54:13,583 - semgrep.core_runner - DEBUG - --- semgrep-core stderr ---
[00.07][[34mINFO[0m]: Executed as: /tmp/_MEInUAjCK/semgrep/bin/opengrep-core -json -rules /tmp/tmpauh6i0ov.json -j 8 -targets /tmp/tmpanv6nkk1 -timeout 5 -timeout_threshold 3 -max_memory 0 -fast
[00.07][[34mINFO[0m]: Version: 1.2.0
[00.07][[34mINFO[0m]: Parsing rules in /tmp/tmpauh6i0ov.json
[00.50][[34mINFO[0m]: scan: processing 567 files (skipping 0), with 454 rules (skipping 0 )
[04.20][[34mINFO[0m]: Custom ignore pattern: None
[04.20][[34mINFO[0m]: Custom ignore pattern: None
--- end semgrep-core stderr ---
2025-05-21 16:54:13,672 - semgrep.rule_match - DEBUG - match_key = ('', PosixPath('client/index.html'), 'config..semgrep.vendored-rules.html.security.audit.missing-integrity') match_id = 0ee74fd49637bebe183eca7188dbde26e386314e62cc2e7ba1ee60b377b638243fcd84e6c6fa04886198ccacfa6a711bfbcc61a28f9ddc913d5b3c53083cbc90_0
2025-05-21 16:54:13,672 - semgrep.rule_match - DEBUG - match_key = (' type="text/javascript" src="https://replit.com/public/js/replit-dev-banner.js" (?is).*integrity= (google-analytics\\.com|fonts\\.googleapis\\.com|fonts\\.gstatic\\.com|googletagmanager\\.com) .*rel\\s*=\\s*[\'"]?preconnect.* href="... :// ..." href="//..." href=\'... :// ...\' href=\'//...\' src="... :// ..." src="//..." src=\'... :// ...\' src=\'//...\' <link  type="text/javascript" src="https://replit.com/public/js/replit-dev-banner.js" > <script  type="text/javascript" src="https://replit.com/public/js/replit-dev-banner.js" >...</script>', PosixPath('client/index.html'), 'config..semgrep.vendored-rules.html.security.audit.missing-integrity') match_id = 0728b64e224596592d04447ba8a642ff94e1fb9fcc07be26d49dc7e7f6898e638ad16ffcaca086932c58f4c6400fe32603323afef02cf9bfebcb0e4a53562a40_0
2025-05-21 16:54:13,673 - semgrep.rule_match - DEBUG - match_key = (' type="text/javascript" src="https://replit.com/public/js/replit-dev-banner.js" (?is).*integrity= (google-analytics\\.com|fonts\\.googleapis\\.com|fonts\\.gstatic\\.com|googletagmanager\\.com) .*rel\\s*=\\s*[\'"]?preconnect.* href="... :// ..." href="//..." href=\'... :// ...\' href=\'//...\' src="... :// ..." src="//..." src=\'... :// ...\' src=\'//...\' <link  type="text/javascript" src="https://replit.com/public/js/replit-dev-banner.js" > <script  type="text/javascript" src="https://replit.com/public/js/replit-dev-banner.js" >...</script>', PosixPath('client/index.html'), 'config..semgrep.vendored-rules.html.security.audit.missing-integrity') match_id = 0728b64e224596592d04447ba8a642ff94e1fb9fcc07be26d49dc7e7f6898e638ad16ffcaca086932c58f4c6400fe32603323afef02cf9bfebcb0e4a53562a40_0
2025-05-21 16:54:13,673 - semgrep.rule_match - DEBUG - match_key = (' type="text/javascript" src="https://replit.com/public/js/replit-dev-banner.js" (?is).*integrity= (google-analytics\\.com|fonts\\.googleapis\\.com|fonts\\.gstatic\\.com|googletagmanager\\.com) .*rel\\s*=\\s*[\'"]?preconnect.* href="... :// ..." href="//..." href=\'... :// ...\' href=\'//...\' src="... :// ..." src="//..." src=\'... :// ...\' src=\'//...\' <link  type="text/javascript" src="https://replit.com/public/js/replit-dev-banner.js" > <script  type="text/javascript" src="https://replit.com/public/js/replit-dev-banner.js" >...</script>', PosixPath('client/index.html'), 'config..semgrep.vendored-rules.html.security.audit.missing-integrity') match_id = 0728b64e224596592d04447ba8a642ff94e1fb9fcc07be26d49dc7e7f6898e638ad16ffcaca086932c58f4c6400fe32603323afef02cf9bfebcb0e4a53562a40_0
2025-05-21 16:54:13,674 - semgrep.rule_match - DEBUG - match_key = ('', PosixPath('vercel-frontend/index.html'), 'config..semgrep.vendored-rules.html.security.audit.missing-integrity') match_id = a9b77268a11d9cb63eef041cc8e06e98c76f4e35cfa8b77345d4d1f4991a42fbdad04291ab3356a17a99677bb77b0e0fa493bae9f0f3b138d76ca8b59e99440a_0
2025-05-21 16:54:13,674 - semgrep.rule_match - DEBUG - match_key = (' type="text/javascript" src="https://replit.com/public/js/replit-dev-banner.js" (?is).*integrity= (google-analytics\\.com|fonts\\.googleapis\\.com|fonts\\.gstatic\\.com|googletagmanager\\.com) .*rel\\s*=\\s*[\'"]?preconnect.* href="... :// ..." href="//..." href=\'... :// ...\' href=\'//...\' src="... :// ..." src="//..." src=\'... :// ...\' src=\'//...\' <link  type="text/javascript" src="https://replit.com/public/js/replit-dev-banner.js" > <script  type="text/javascript" src="https://replit.com/public/js/replit-dev-banner.js" >...</script>', PosixPath('vercel-frontend/index.html'), 'config..semgrep.vendored-rules.html.security.audit.missing-integrity') match_id = 3c478eb84e912dbe13ea6b71d1ebf957aab6a962f0871ead74f5dcec61c2ba1ac798093206db418729e49c5f77ef134b2bce2c3d6578bbe46a3344008019686b_0
2025-05-21 16:54:13,675 - semgrep.rule_match - DEBUG - match_key = (' type="text/javascript" src="https://replit.com/public/js/replit-dev-banner.js" (?is).*integrity= (google-analytics\\.com|fonts\\.googleapis\\.com|fonts\\.gstatic\\.com|googletagmanager\\.com) .*rel\\s*=\\s*[\'"]?preconnect.* href="... :// ..." href="//..." href=\'... :// ...\' href=\'//...\' src="... :// ..." src="//..." src=\'... :// ...\' src=\'//...\' <link  type="text/javascript" src="https://replit.com/public/js/replit-dev-banner.js" > <script  type="text/javascript" src="https://replit.com/public/js/replit-dev-banner.js" >...</script>', PosixPath('vercel-frontend/index.html'), 'config..semgrep.vendored-rules.html.security.audit.missing-integrity') match_id = 3c478eb84e912dbe13ea6b71d1ebf957aab6a962f0871ead74f5dcec61c2ba1ac798093206db418729e49c5f77ef134b2bce2c3d6578bbe46a3344008019686b_0
2025-05-21 16:54:13,675 - semgrep.rule_match - DEBUG - match_key = (' type="text/javascript" src="https://replit.com/public/js/replit-dev-banner.js" (?is).*integrity= (google-analytics\\.com|fonts\\.googleapis\\.com|fonts\\.gstatic\\.com|googletagmanager\\.com) .*rel\\s*=\\s*[\'"]?preconnect.* href="... :// ..." href="//..." href=\'... :// ...\' href=\'//...\' src="... :// ..." src="//..." src=\'... :// ...\' src=\'//...\' <link  type="text/javascript" src="https://replit.com/public/js/replit-dev-banner.js" > <script  type="text/javascript" src="https://replit.com/public/js/replit-dev-banner.js" >...</script>', PosixPath('vercel-frontend/index.html'), 'config..semgrep.vendored-rules.html.security.audit.missing-integrity') match_id = 3c478eb84e912dbe13ea6b71d1ebf957aab6a962f0871ead74f5dcec61c2ba1ac798093206db418729e49c5f77ef134b2bce2c3d6578bbe46a3344008019686b_0
2025-05-21 16:54:13,677 - semgrep.core_runner - DEBUG - semgrep ran in 0:00:04.570659 on 196 files
2025-05-21 16:54:13,678 - semgrep.core_runner - DEBUG - findings summary: 2 warning, 0 error, 0 info
2025-05-21 16:54:13,681 - semgrep.app.auth - DEBUG - Getting API token from settings file
2025-05-21 16:54:13,681 - semgrep.app.auth - DEBUG - No API token found in settings file
2025-05-21 16:54:13,682 - semgrep.semgrep_core - DEBUG - Failed to open resource semgrep-core-proprietary: [Errno 2] No such file or directory: '/tmp/_MEInUAjCK/semgrep/bin/semgrep-core-proprietary'.
2025-05-21 16:54:13,795 - semgrep.output - VERBOSE - 
========================================
Files skipped:
========================================

  Always skipped by Opengrep:

   • <none>

  Skipped by .gitignore:
  (Disable by passing --no-git-ignore)

   • <all files not listed by `git ls-files` were skipped>

  Skipped by .semgrepignore:
  - https://semgrep.dev/docs/ignoring-files-folders-code/#understand-semgrep-defaults

   • <none>

  Skipped by --include patterns:

   • <none>

  Skipped by --exclude patterns:

   • <none>

  Files skipped due to insufficient read permissions:

   • <none>

  Skipped by limiting to files smaller than 1000000 bytes:
  (Adjust with the --max-target-bytes flag)

   • attached_assets/Tangkapan Layar 2025-05-21 pukul 00.06.35.png

  Partially analyzed due to parsing or internal Opengrep errors

   • tailwind.config.ts (1 lines skipped)

2025-05-21 16:54:13,796 - semgrep.output - INFO - Some files were skipped or only partially analyzed.
  Scan was limited to files tracked by git.
  Partially scanned: 1 files only partially analyzed due to parsing or internal Opengrep errors
  Scan skipped: 1 files larger than 1.0 MB
  For a full list of skipped files, run opengrep with the --verbose flag.

Ran 435 rules on 196 files: 2 findings.
2025-05-21 16:54:13,796 - semgrep.app.version - DEBUG - Version cache does not exist
2025-05-21 16:54:13,809 - semgrep.metrics - VERBOSE - Not sending pseudonymous metrics since metrics are configured to OFF and registry usage is False
